<?xml version="1.0" encoding="UTF-8"?>
<!-- Generated by org.testng.reporters.JUnitXMLReporter -->
<testsuite hostname="hp-PC" ignored="6" name="Test" tests="4" failures="0" timestamp="24 Aug 2019 04:47:02 GMT" time="87.845" errors="0">
  <testcase name="TestCreatCampaings" time="21.81" classname="com.VTiger.Campaigns.CreateCampaingsTest"/>
  <testcase name="TestEditCampaings" time="13.074" classname="com.VTiger.Campaigns.EditCampaings"/>
  <testcase name="TestCreateOrganization" time="12.53" classname="com.VTiger.Organizations.CreateOrganization"/>
  <testcase name="TestDeleteCampaings" time="6.71" classname="com.VTiger.Campaigns.DeleteCampaingsTest"/>
  <testcase name="@AfterTest Closebrowser" time="0.0" classname="com.VTiger.genericlib.BaseClass">
    <ignored/>
  </testcase> <!-- @AfterTest Closebrowser -->
  <testcase name="@AfterTest Closebrowser" time="0.0" classname="com.VTiger.genericlib.BaseClass">
    <ignored/>
  </testcase> <!-- @AfterTest Closebrowser -->
  <testcase name="@AfterTest Closebrowser" time="0.0" classname="com.VTiger.genericlib.BaseClass">
    <ignored/>
  </testcase> <!-- @AfterTest Closebrowser -->
  <testcase name="@BeforeTest OpenBrowser" time="0.0" classname="com.VTiger.genericlib.BaseClass">
    <ignored/>
  </testcase> <!-- @BeforeTest OpenBrowser -->
  <testcase name="@BeforeTest OpenBrowser" time="0.0" classname="com.VTiger.genericlib.BaseClass">
    <ignored/>
  </testcase> <!-- @BeforeTest OpenBrowser -->
  <testcase name="@BeforeTest OpenBrowser" time="0.0" classname="com.VTiger.genericlib.BaseClass">
    <ignored/>
  </testcase> <!-- @BeforeTest OpenBrowser -->
</testsuite> <!-- Test -->
